
  Dashboard Server: http://localhost:8080
  Root directory:   C:\Users\Brandon\Desktop\spx-gex-dashboard-tt-fixed
  ✓ Directory exists
  Files found: .env, .gitignore, cert.pfx, gex dashboard, index.html, node_modules, old, package-lock.json, package.json, pages, proxy-tastytrade.js, proxy.log, README.md, serve.js, serve.log, shared, spx-gex-dashboard-final, START-TASTYTRADE.bat, tastytrade-terminal, tastytrade_token.json

  Request: / -> Looking for: C:\Users\Brandon\Desktop\spx-gex-dashboard-tt-fixed\index.html
  ✓ Served: /index.html
  Request: /shared/styles.css -> Looking for: C:\Users\Brandon\Desktop\spx-gex-dashboard-tt-fixed\shared\styles.css
  Request: /shared/api.js -> Looking for: C:\Users\Brandon\Desktop\spx-gex-dashboard-tt-fixed\shared\api.js
  ✓ Served: /shared/styles.css
  ✓ Served: /shared/api.js
  Request: /shared/calculations.js -> Looking for: C:\Users\Brandon\Desktop\spx-gex-dashboard-tt-fixed\shared\calculations.js
  ✓ Served: /shared/calculations.js
  Request: /shared/app.js -> Looking for: C:\Users\Brandon\Desktop\spx-gex-dashboard-tt-fixed\shared\app.js
  ✓ Served: /shared/app.js
  Request: /pages/overview.js -> Looking for: C:\Users\Brandon\Desktop\spx-gex-dashboard-tt-fixed\pages\overview.js
  ✓ Served: /pages/overview.js
  Request: /pages/overview.html -> Looking for: C:\Users\Brandon\Desktop\spx-gex-dashboard-tt-fixed\pages\overview.html
  ✓ Served: /pages/overview.html
  Request: /shared/styles.css -> Looking for: C:\Users\Brandon\Desktop\spx-gex-dashboard-tt-fixed\shared\styles.css
  ✓ Served: /shared/styles.css
  Request: /.well-known/appspecific/com.chrome.devtools.json -> Looking for: C:\Users\Brandon\Desktop\spx-gex-dashboard-tt-fixed\.well-known\appspecific\com.chrome.devtools.json
  ❌ File not found: C:\Users\Brandon\Desktop\spx-gex-dashboard-tt-fixed\.well-known\appspecific\com.chrome.devtools.json
